mode: set
/home/ken/goworkspace/intgConvConfig/jsonConvConfig.go:38.75,42.15 4 1
/home/ken/goworkspace/intgConvConfig/jsonConvConfig.go:69.2,69.13 1 1
/home/ken/goworkspace/intgConvConfig/jsonConvConfig.go:42.15,43.30 1 1
/home/ken/goworkspace/intgConvConfig/jsonConvConfig.go:51.3,51.35 1 1
/home/ken/goworkspace/intgConvConfig/jsonConvConfig.go:43.30,45.20 1 1
/home/ken/goworkspace/intgConvConfig/jsonConvConfig.go:45.20,49.5 3 1
/home/ken/goworkspace/intgConvConfig/jsonConvConfig.go:51.35,56.17 4 1
/home/ken/goworkspace/intgConvConfig/jsonConvConfig.go:56.17,66.5 4 1
