mode: set
github.com/Ulbora/intgConvConfig/jsonConvConfig.go:37.77,41.16 4 1
github.com/Ulbora/intgConvConfig/jsonConvConfig.go:68.2,68.13 1 1
github.com/Ulbora/intgConvConfig/jsonConvConfig.go:41.16,42.30 1 1
github.com/Ulbora/intgConvConfig/jsonConvConfig.go:50.3,50.35 1 1
github.com/Ulbora/intgConvConfig/jsonConvConfig.go:42.30,44.20 1 1
github.com/Ulbora/intgConvConfig/jsonConvConfig.go:44.20,48.5 3 1
github.com/Ulbora/intgConvConfig/jsonConvConfig.go:50.35,55.18 4 1
github.com/Ulbora/intgConvConfig/jsonConvConfig.go:55.18,65.5 4 1
